<?xml version="1.0" encoding="UTF-8"?>
<!-- Generated by org.testng.reporters.JUnitReportReporter -->
<testsuite skipped="0" hostname="mACCC-PC" name="vtigerTestScriptByTestNg.CreateOrganisationTest" tests="1" failures="0" timestamp="2021-11-08T12:26:14 IST" time="65.937" errors="0">
  <testcase name="CreateContact" time="65.937" classname="vtigerTestScriptByTestNg.CreateOrganisationTest"/>
  <system-out/>
</testsuite> <!-- vtigerTestScriptByTestNg.CreateOrganisationTest -->
