<?xml version="1.0" encoding="UTF-8"?>
<!-- Generated by org.testng.reporters.JUnitReportReporter -->
<testsuite skipped="0" hostname="mACCC-PC" name="db_practice.MakeMyTrip" tests="1" failures="0" timestamp="2021-11-11T06:59:03 IST" time="116.733" errors="0">
  <testcase name="mytrip" time="116.733" classname="db_practice.MakeMyTrip"/>
  <system-out/>
</testsuite> <!-- db_practice.MakeMyTrip -->
