<?xml version="1.0" encoding="UTF-8"?>
<!-- Generated by org.testng.reporters.JUnitReportReporter -->
<testsuite skipped="0" hostname="mACCC-PC" name="db_practice.VtigerTest1" tests="1" failures="0" timestamp="2021-10-28T20:51:38 IST" time="35.546" errors="0">
  <testcase name="CreateOrganizationTest" time="35.546" classname="db_practice.VtigerTest1"/>
  <system-out/>
</testsuite> <!-- db_practice.VtigerTest1 -->
