<?xml version="1.0" encoding="UTF-8"?>
<!-- Generated by org.testng.reporters.JUnitReportReporter -->
<testsuite skipped="0" hostname="mACCC-PC" name="db_practice.table" tests="1" failures="0" timestamp="2021-11-09T19:47:37 IST" time="65.976" errors="0">
  <testcase name="vtiger" time="65.976" classname="db_practice.table"/>
  <system-out/>
</testsuite> <!-- db_practice.table -->
