<?xml version="1.0" encoding="UTF-8"?>
<!-- Generated by org.testng.reporters.JUnitReportReporter -->
<testsuite skipped="0" hostname="mACCC-PC" name="com.crm.vtiger.CreateOrgnameandIndustries.vtigerOgrNameAndIndustriesTest" tests="1" failures="0" timestamp="2021-10-29T19:17:59 IST" time="138.518" errors="0">
  <testcase name="CreateIndustriesTest" time="138.518" classname="com.crm.vtiger.CreateOrgnameandIndustries.vtigerOgrNameAndIndustriesTest"/>
  <system-out/>
</testsuite> <!-- com.crm.vtiger.CreateOrgnameandIndustries.vtigerOgrNameAndIndustriesTest -->
