<?xml version="1.0" encoding="UTF-8"?>
<!-- Generated by org.testng.reporters.JUnitReportReporter -->
<testsuite skipped="0" hostname="mACCC-PC" name="com.crm.vtiger.CreateOrgnameandIndustries.vtigerCreateContact" tests="1" failures="0" timestamp="2021-11-07T11:18:31 IST" time="114.087" errors="0">
  <testcase name="CreateContact" time="114.087" classname="com.crm.vtiger.CreateOrgnameandIndustries.vtigerCreateContact"/>
  <system-out/>
</testsuite> <!-- com.crm.vtiger.CreateOrgnameandIndustries.vtigerCreateContact -->
