<?xml version="1.0" encoding="UTF-8"?>
<!-- Generated by org.testng.reporters.JUnitReportReporter -->
<testsuite skipped="0" hostname="mACCC-PC" name="db_practice.vtigerTest2" tests="1" failures="0" timestamp="2021-10-28T20:51:38 IST" time="29.535" errors="0">
  <testcase name="CreateIndustriesTest" time="29.535" classname="db_practice.vtigerTest2"/>
  <system-out/>
</testsuite> <!-- db_practice.vtigerTest2 -->
